{"D:\\React_Projects\\HungryBuzz\\src\\Components\\Body.js": {"path":"D:\\React_Projects\\HungryBuzz\\src\\Components\\Body.js","statementMap":{"0":{"start":{"line":8,"column":13},"end":{"line":121,"column":1}},"1":{"start":{"line":9,"column":50},"end":{"line":9,"column":62}},"2":{"start":{"line":10,"column":54},"end":{"line":10,"column":66}},"3":{"start":{"line":11,"column":38},"end":{"line":11,"column":50}},"4":{"start":{"line":13,"column":33},"end":{"line":13,"column":66}},"5":{"start":{"line":14,"column":2},"end":{"line":14,"column":32}},"6":{"start":{"line":20,"column":2},"end":{"line":22,"column":9}},"7":{"start":{"line":21,"column":4},"end":{"line":21,"column":16}},"8":{"start":{"line":24,"column":20},"end":{"line":35,"column":3}},"9":{"start":{"line":25,"column":17},"end":{"line":27,"column":5}},"10":{"start":{"line":28,"column":17},"end":{"line":28,"column":34}},"11":{"start":{"line":29,"column":4},"end":{"line":31,"column":6}},"12":{"start":{"line":32,"column":4},"end":{"line":34,"column":6}},"13":{"start":{"line":37,"column":23},"end":{"line":37,"column":40}},"14":{"start":{"line":39,"column":2},"end":{"line":45,"column":6}},"15":{"start":{"line":40,"column":4},"end":{"line":45,"column":6}},"16":{"start":{"line":52,"column":40},"end":{"line":52,"column":63}},"17":{"start":{"line":54,"column":2},"end":{"line":120,"column":4}},"18":{"start":{"line":62,"column":33},"end":{"line":64,"column":13}},"19":{"start":{"line":63,"column":23},"end":{"line":63,"column":45}},"20":{"start":{"line":65,"column":12},"end":{"line":65,"column":46}},"21":{"start":{"line":76,"column":27},"end":{"line":76,"column":54}},"22":{"start":{"line":87,"column":12},"end":{"line":87,"column":42}},"23":{"start":{"line":94,"column":39},"end":{"line":96,"column":13}},"24":{"start":{"line":95,"column":14},"end":{"line":95,"column":76}},"25":{"start":{"line":98,"column":12},"end":{"line":98,"column":54}},"26":{"start":{"line":107,"column":10},"end":{"line":116,"column":17}}},"fnMap":{"0":{"name":"(anonymous_0)","decl":{"start":{"line":8,"column":13},"end":{"line":8,"column":14}},"loc":{"start":{"line":8,"column":19},"end":{"line":121,"column":1}},"line":8},"1":{"name":"(anonymous_1)","decl":{"start":{"line":20,"column":12},"end":{"line":20,"column":13}},"loc":{"start":{"line":20,"column":18},"end":{"line":22,"column":3}},"line":20},"2":{"name":"(anonymous_2)","decl":{"start":{"line":24,"column":20},"end":{"line":24,"column":21}},"loc":{"start":{"line":24,"column":32},"end":{"line":35,"column":3}},"line":24},"3":{"name":"(anonymous_3)","decl":{"start":{"line":61,"column":19},"end":{"line":61,"column":20}},"loc":{"start":{"line":61,"column":25},"end":{"line":66,"column":11}},"line":61},"4":{"name":"(anonymous_4)","decl":{"start":{"line":63,"column":14},"end":{"line":63,"column":15}},"loc":{"start":{"line":63,"column":23},"end":{"line":63,"column":45}},"line":63},"5":{"name":"(anonymous_5)","decl":{"start":{"line":76,"column":20},"end":{"line":76,"column":21}},"loc":{"start":{"line":76,"column":27},"end":{"line":76,"column":54}},"line":76},"6":{"name":"(anonymous_6)","decl":{"start":{"line":86,"column":20},"end":{"line":86,"column":21}},"loc":{"start":{"line":86,"column":27},"end":{"line":88,"column":11}},"line":86},"7":{"name":"(anonymous_7)","decl":{"start":{"line":93,"column":19},"end":{"line":93,"column":20}},"loc":{"start":{"line":93,"column":25},"end":{"line":99,"column":11}},"line":93},"8":{"name":"(anonymous_8)","decl":{"start":{"line":94,"column":63},"end":{"line":94,"column":64}},"loc":{"start":{"line":95,"column":14},"end":{"line":95,"column":76}},"line":95},"9":{"name":"(anonymous_9)","decl":{"start":{"line":106,"column":32},"end":{"line":106,"column":33}},"loc":{"start":{"line":107,"column":10},"end":{"line":116,"column":17}},"line":107}},"branchMap":{"0":{"loc":{"start":{"line":39,"column":2},"end":{"line":45,"column":6}},"type":"if","locations":[{"start":{"line":39,"column":2},"end":{"line":45,"column":6}},{"start":{},"end":{}}],"line":39},"1":{"loc":{"start":{"line":54,"column":9},"end":{"line":120,"column":3}},"type":"cond-expr","locations":[{"start":{"line":55,"column":4},"end":{"line":55,"column":15}},{"start":{"line":57,"column":4},"end":{"line":119,"column":10}}],"line":54},"2":{"loc":{"start":{"line":111,"column":13},"end":{"line":115,"column":13}},"type":"cond-expr","locations":[{"start":{"line":112,"column":14},"end":{"line":112,"column":62}},{"start":{"line":114,"column":14},"end":{"line":114,"column":54}}],"line":111}},"s":{"0":1,"1":8,"2":8,"3":8,"4":8,"5":8,"6":8,"7":3,"8":8,"9":3,"10":3,"11":3,"12":3,"13":8,"14":8,"15":0,"16":8,"17":8,"18":0,"19":0,"20":0,"21":0,"22":1,"23":1,"24":9,"25":1,"26":37},"f":{"0":8,"1":3,"2":3,"3":0,"4":0,"5":0,"6":1,"7":1,"8":9,"9":37},"b":{"0":[0,8],"1":[3,5],"2":[0,37]},"_coverageSchema":"1a1c01bbd47fc00a2c39e90264f33305004495a9","hash":"d9c10cd7f2daa7ad6f246cd224c9869b4ad5a1f0"}
}
