{"D:\\React_Projects\\HungryBuzz\\src\\Components\\Body.js": {"path":"D:\\React_Projects\\HungryBuzz\\src\\Components\\Body.js","statementMap":{"0":{"start":{"line":8,"column":13},"end":{"line":121,"column":1}},"1":{"start":{"line":9,"column":50},"end":{"line":9,"column":62}},"2":{"start":{"line":10,"column":54},"end":{"line":10,"column":66}},"3":{"start":{"line":11,"column":38},"end":{"line":11,"column":50}},"4":{"start":{"line":13,"column":33},"end":{"line":13,"column":66}},"5":{"start":{"line":14,"column":2},"end":{"line":14,"column":32}},"6":{"start":{"line":20,"column":2},"end":{"line":22,"column":9}},"7":{"start":{"line":21,"column":4},"end":{"line":21,"column":16}},"8":{"start":{"line":24,"column":20},"end":{"line":35,"column":3}},"9":{"start":{"line":25,"column":17},"end":{"line":27,"column":5}},"10":{"start":{"line":28,"column":17},"end":{"line":28,"column":34}},"11":{"start":{"line":29,"column":4},"end":{"line":31,"column":6}},"12":{"start":{"line":32,"column":4},"end":{"line":34,"column":6}},"13":{"start":{"line":37,"column":23},"end":{"line":37,"column":40}},"14":{"start":{"line":39,"column":2},"end":{"line":45,"column":6}},"15":{"start":{"line":40,"column":4},"end":{"line":45,"column":6}},"16":{"start":{"line":52,"column":40},"end":{"line":52,"column":63}},"17":{"start":{"line":54,"column":2},"end":{"line":120,"column":4}},"18":{"start":{"line":62,"column":33},"end":{"line":64,"column":13}},"19":{"start":{"line":63,"column":23},"end":{"line":63,"column":45}},"20":{"start":{"line":65,"column":12},"end":{"line":65,"column":46}},"21":{"start":{"line":76,"column":27},"end":{"line":76,"column":54}},"22":{"start":{"line":87,"column":12},"end":{"line":87,"column":42}},"23":{"start":{"line":94,"column":39},"end":{"line":96,"column":13}},"24":{"start":{"line":95,"column":14},"end":{"line":95,"column":76}},"25":{"start":{"line":98,"column":12},"end":{"line":98,"column":54}},"26":{"start":{"line":107,"column":10},"end":{"line":116,"column":17}}},"fnMap":{"0":{"name":"(anonymous_0)","decl":{"start":{"line":8,"column":13},"end":{"line":8,"column":14}},"loc":{"start":{"line":8,"column":19},"end":{"line":121,"column":1}},"line":8},"1":{"name":"(anonymous_1)","decl":{"start":{"line":20,"column":12},"end":{"line":20,"column":13}},"loc":{"start":{"line":20,"column":18},"end":{"line":22,"column":3}},"line":20},"2":{"name":"(anonymous_2)","decl":{"start":{"line":24,"column":20},"end":{"line":24,"column":21}},"loc":{"start":{"line":24,"column":32},"end":{"line":35,"column":3}},"line":24},"3":{"name":"(anonymous_3)","decl":{"start":{"line":61,"column":19},"end":{"line":61,"column":20}},"loc":{"start":{"line":61,"column":25},"end":{"line":66,"column":11}},"line":61},"4":{"name":"(anonymous_4)","decl":{"start":{"line":63,"column":14},"end":{"line":63,"column":15}},"loc":{"start":{"line":63,"column":23},"end":{"line":63,"column":45}},"line":63},"5":{"name":"(anonymous_5)","decl":{"start":{"line":76,"column":20},"end":{"line":76,"column":21}},"loc":{"start":{"line":76,"column":27},"end":{"line":76,"column":54}},"line":76},"6":{"name":"(anonymous_6)","decl":{"start":{"line":86,"column":20},"end":{"line":86,"column":21}},"loc":{"start":{"line":86,"column":27},"end":{"line":88,"column":11}},"line":86},"7":{"name":"(anonymous_7)","decl":{"start":{"line":93,"column":19},"end":{"line":93,"column":20}},"loc":{"start":{"line":93,"column":25},"end":{"line":99,"column":11}},"line":93},"8":{"name":"(anonymous_8)","decl":{"start":{"line":94,"column":63},"end":{"line":94,"column":64}},"loc":{"start":{"line":95,"column":14},"end":{"line":95,"column":76}},"line":95},"9":{"name":"(anonymous_9)","decl":{"start":{"line":106,"column":32},"end":{"line":106,"column":33}},"loc":{"start":{"line":107,"column":10},"end":{"line":116,"column":17}},"line":107}},"branchMap":{"0":{"loc":{"start":{"line":39,"column":2},"end":{"line":45,"column":6}},"type":"if","locations":[{"start":{"line":39,"column":2},"end":{"line":45,"column":6}},{"start":{},"end":{}}],"line":39},"1":{"loc":{"start":{"line":54,"column":9},"end":{"line":120,"column":3}},"type":"cond-expr","locations":[{"start":{"line":55,"column":4},"end":{"line":55,"column":15}},{"start":{"line":57,"column":4},"end":{"line":119,"column":10}}],"line":54},"2":{"loc":{"start":{"line":111,"column":13},"end":{"line":115,"column":13}},"type":"cond-expr","locations":[{"start":{"line":112,"column":14},"end":{"line":112,"column":62}},{"start":{"line":114,"column":14},"end":{"line":114,"column":54}}],"line":111}},"s":{"0":1,"1":16,"2":15,"3":15,"4":15,"5":15,"6":15,"7":3,"8":15,"9":3,"10":3,"11":3,"12":3,"13":15,"14":15,"15":0,"16":15,"17":15,"18":0,"19":0,"20":0,"21":0,"22":0,"23":0,"24":0,"25":0,"26":0},"f":{"0":16,"1":3,"2":3,"3":0,"4":0,"5":0,"6":0,"7":0,"8":0,"9":0},"b":{"0":[0,15],"1":[3,0],"2":[0,0]},"_coverageSchema":"1a1c01bbd47fc00a2c39e90264f33305004495a9","hash":"d9c10cd7f2daa7ad6f246cd224c9869b4ad5a1f0"}
,"D:\\React_Projects\\HungryBuzz\\src\\Components\\Contact.js": {"path":"D:\\React_Projects\\HungryBuzz\\src\\Components\\Contact.js","statementMap":{"0":{"start":{"line":1,"column":16},"end":{"line":20,"column":1}},"1":{"start":{"line":2,"column":2},"end":{"line":19,"column":4}}},"fnMap":{"0":{"name":"(anonymous_0)","decl":{"start":{"line":1,"column":16},"end":{"line":1,"column":17}},"loc":{"start":{"line":1,"column":22},"end":{"line":20,"column":1}},"line":1}},"branchMap":{},"s":{"0":1,"1":5},"f":{"0":5},"b":{},"_coverageSchema":"1a1c01bbd47fc00a2c39e90264f33305004495a9","hash":"7a25824dcc9f341aa210dcac1147ea31d3721bea"}
,"D:\\React_Projects\\HungryBuzz\\src\\Components\\Grocery.js": {"path":"D:\\React_Projects\\HungryBuzz\\src\\Components\\Grocery.js","statementMap":{"0":{"start":{"line":1,"column":16},"end":{"line":8,"column":1}},"1":{"start":{"line":2,"column":2},"end":{"line":7,"column":4}}},"fnMap":{"0":{"name":"(anonymous_0)","decl":{"start":{"line":1,"column":16},"end":{"line":1,"column":17}},"loc":{"start":{"line":1,"column":22},"end":{"line":8,"column":1}},"line":1}},"branchMap":{},"s":{"0":1,"1":0},"f":{"0":0},"b":{},"_coverageSchema":"1a1c01bbd47fc00a2c39e90264f33305004495a9","hash":"652cbf11d58fc2fa44eca10b843c84d4137364b3"}
,"D:\\React_Projects\\HungryBuzz\\src\\Components\\Header.js": {"path":"D:\\React_Projects\\HungryBuzz\\src\\Components\\Header.js","statementMap":{"0":{"start":{"line":9,"column":15},"end":{"line":57,"column":1}},"1":{"start":{"line":10,"column":34},"end":{"line":10,"column":52}},"2":{"start":{"line":11,"column":23},"end":{"line":11,"column":40}},"3":{"start":{"line":12,"column":27},"end":{"line":12,"column":50}},"4":{"start":{"line":15,"column":20},"end":{"line":15,"column":60}},"5":{"start":{"line":15,"column":43},"end":{"line":15,"column":59}},"6":{"start":{"line":17,"column":2},"end":{"line":56,"column":4}},"7":{"start":{"line":45,"column":14},"end":{"line":47,"column":40}}},"fnMap":{"0":{"name":"(anonymous_0)","decl":{"start":{"line":9,"column":15},"end":{"line":9,"column":16}},"loc":{"start":{"line":9,"column":21},"end":{"line":57,"column":1}},"line":9},"1":{"name":"(anonymous_1)","decl":{"start":{"line":15,"column":32},"end":{"line":15,"column":33}},"loc":{"start":{"line":15,"column":43},"end":{"line":15,"column":59}},"line":15},"2":{"name":"(anonymous_2)","decl":{"start":{"line":44,"column":21},"end":{"line":44,"column":22}},"loc":{"start":{"line":44,"column":27},"end":{"line":48,"column":13}},"line":44}},"branchMap":{"0":{"loc":{"start":{"line":24,"column":30},"end":{"line":24,"column":56}},"type":"cond-expr","locations":[{"start":{"line":24,"column":45},"end":{"line":24,"column":49}},{"start":{"line":24,"column":52},"end":{"line":24,"column":56}}],"line":24},"1":{"loc":{"start":{"line":45,"column":14},"end":{"line":47,"column":39}},"type":"cond-expr","locations":[{"start":{"line":46,"column":18},"end":{"line":46,"column":39}},{"start":{"line":47,"column":18},"end":{"line":47,"column":39}}],"line":45}},"s":{"0":1,"1":6,"2":5,"3":5,"4":5,"5":9,"6":5,"7":1},"f":{"0":6,"1":9,"2":1},"b":{"0":[5,0],"1":[1,0]},"_coverageSchema":"1a1c01bbd47fc00a2c39e90264f33305004495a9","hash":"cf4ef6c55021a2d51a6ced289ca92a25e6e72502"}
,"D:\\React_Projects\\HungryBuzz\\src\\Components\\ItemList.js": {"path":"D:\\React_Projects\\HungryBuzz\\src\\Components\\ItemList.js","statementMap":{"0":{"start":{"line":5,"column":17},"end":{"line":56,"column":1}},"1":{"start":{"line":7,"column":19},"end":{"line":7,"column":32}},"2":{"start":{"line":9,"column":24},"end":{"line":13,"column":3}},"3":{"start":{"line":11,"column":4},"end":{"line":11,"column":28}},"4":{"start":{"line":12,"column":4},"end":{"line":12,"column":22}},"5":{"start":{"line":15,"column":2},"end":{"line":55,"column":4}},"6":{"start":{"line":18,"column":8},"end":{"line":52,"column":14}},"7":{"start":{"line":40,"column":31},"end":{"line":40,"column":50}}},"fnMap":{"0":{"name":"(anonymous_0)","decl":{"start":{"line":5,"column":17},"end":{"line":5,"column":18}},"loc":{"start":{"line":5,"column":32},"end":{"line":56,"column":1}},"line":5},"1":{"name":"(anonymous_1)","decl":{"start":{"line":9,"column":24},"end":{"line":9,"column":25}},"loc":{"start":{"line":9,"column":34},"end":{"line":13,"column":3}},"line":9},"2":{"name":"(anonymous_2)","decl":{"start":{"line":17,"column":17},"end":{"line":17,"column":18}},"loc":{"start":{"line":18,"column":8},"end":{"line":52,"column":14}},"line":18},"3":{"name":"(anonymous_3)","decl":{"start":{"line":40,"column":25},"end":{"line":40,"column":26}},"loc":{"start":{"line":40,"column":31},"end":{"line":40,"column":50}},"line":40}},"branchMap":{"0":{"loc":{"start":{"line":29,"column":17},"end":{"line":31,"column":53}},"type":"cond-expr","locations":[{"start":{"line":30,"column":20},"end":{"line":30,"column":46}},{"start":{"line":31,"column":20},"end":{"line":31,"column":53}}],"line":29}},"s":{"0":1,"1":0,"2":0,"3":0,"4":0,"5":0,"6":0,"7":0},"f":{"0":0,"1":0,"2":0,"3":0},"b":{"0":[0,0]},"_coverageSchema":"1a1c01bbd47fc00a2c39e90264f33305004495a9","hash":"2f0d5395fcbfced45d012c1decde9301e2360e88"}
,"D:\\React_Projects\\HungryBuzz\\src\\Components\\RestaurantCard.js": {"path":"D:\\React_Projects\\HungryBuzz\\src\\Components\\RestaurantCard.js","statementMap":{"0":{"start":{"line":5,"column":23},"end":{"line":31,"column":1}},"1":{"start":{"line":6,"column":23},"end":{"line":6,"column":28}},"2":{"start":{"line":7,"column":27},"end":{"line":7,"column":50}},"3":{"start":{"line":10,"column":4},"end":{"line":10,"column":18}},"4":{"start":{"line":12,"column":2},"end":{"line":30,"column":4}},"5":{"start":{"line":36,"column":33},"end":{"line":45,"column":1}},"6":{"start":{"line":37,"column":2},"end":{"line":44,"column":4}},"7":{"start":{"line":38,"column":4},"end":{"line":43,"column":6}}},"fnMap":{"0":{"name":"(anonymous_0)","decl":{"start":{"line":5,"column":23},"end":{"line":5,"column":24}},"loc":{"start":{"line":5,"column":34},"end":{"line":31,"column":1}},"line":5},"1":{"name":"(anonymous_1)","decl":{"start":{"line":36,"column":33},"end":{"line":36,"column":34}},"loc":{"start":{"line":36,"column":53},"end":{"line":45,"column":1}},"line":36},"2":{"name":"(anonymous_2)","decl":{"start":{"line":37,"column":9},"end":{"line":37,"column":10}},"loc":{"start":{"line":37,"column":20},"end":{"line":44,"column":3}},"line":37}},"branchMap":{"0":{"loc":{"start":{"line":22,"column":11},"end":{"line":22,"column":42}},"type":"binary-expr","locations":[{"start":{"line":22,"column":11},"end":{"line":22,"column":19}},{"start":{"line":22,"column":23},"end":{"line":22,"column":42}}],"line":22}},"s":{"0":2,"1":1,"2":1,"3":1,"4":1,"5":2,"6":15,"7":0},"f":{"0":1,"1":15,"2":0},"b":{"0":[1,1]},"_coverageSchema":"1a1c01bbd47fc00a2c39e90264f33305004495a9","hash":"6f1c62cd2603ed98fae6404625b1c1088754cb6d"}
,"D:\\React_Projects\\HungryBuzz\\src\\Components\\RestaurantCategory.js": {"path":"D:\\React_Projects\\HungryBuzz\\src\\Components\\RestaurantCategory.js","statementMap":{"0":{"start":{"line":4,"column":27},"end":{"line":29,"column":1}},"1":{"start":{"line":6,"column":22},"end":{"line":8,"column":3}},"2":{"start":{"line":7,"column":4},"end":{"line":7,"column":19}},"3":{"start":{"line":10,"column":2},"end":{"line":28,"column":4}}},"fnMap":{"0":{"name":"(anonymous_0)","decl":{"start":{"line":4,"column":27},"end":{"line":4,"column":28}},"loc":{"start":{"line":4,"column":65},"end":{"line":29,"column":1}},"line":4},"1":{"name":"(anonymous_1)","decl":{"start":{"line":6,"column":22},"end":{"line":6,"column":23}},"loc":{"start":{"line":6,"column":28},"end":{"line":8,"column":3}},"line":6}},"branchMap":{"0":{"loc":{"start":{"line":25,"column":9},"end":{"line":25,"column":57}},"type":"binary-expr","locations":[{"start":{"line":25,"column":9},"end":{"line":25,"column":18}},{"start":{"line":25,"column":22},"end":{"line":25,"column":57}}],"line":25}},"s":{"0":1,"1":0,"2":0,"3":0},"f":{"0":0,"1":0},"b":{"0":[0,0]},"_coverageSchema":"1a1c01bbd47fc00a2c39e90264f33305004495a9","hash":"178eeebae72d76290ef3de960bac1dda8a6238ff"}
,"D:\\React_Projects\\HungryBuzz\\src\\Components\\RestaurantMenu.js": {"path":"D:\\React_Projects\\HungryBuzz\\src\\Components\\RestaurantMenu.js","statementMap":{"0":{"start":{"line":7,"column":23},"end":{"line":46,"column":1}},"1":{"start":{"line":8,"column":20},"end":{"line":8,"column":31}},"2":{"start":{"line":10,"column":18},"end":{"line":10,"column":42}},"3":{"start":{"line":12,"column":36},"end":{"line":12,"column":47}},"4":{"start":{"line":14,"column":2},"end":{"line":14,"column":43}},"5":{"start":{"line":14,"column":24},"end":{"line":14,"column":43}},"6":{"start":{"line":17,"column":4},"end":{"line":17,"column":39}},"7":{"start":{"line":20,"column":4},"end":{"line":20,"column":79}},"8":{"start":{"line":23,"column":4},"end":{"line":27,"column":5}},"9":{"start":{"line":25,"column":8},"end":{"line":26,"column":70}},"10":{"start":{"line":29,"column":2},"end":{"line":45,"column":4}},"11":{"start":{"line":37,"column":8},"end":{"line":42,"column":10}},"12":{"start":{"line":41,"column":30},"end":{"line":41,"column":49}}},"fnMap":{"0":{"name":"(anonymous_0)","decl":{"start":{"line":7,"column":23},"end":{"line":7,"column":24}},"loc":{"start":{"line":7,"column":29},"end":{"line":46,"column":1}},"line":7},"1":{"name":"(anonymous_1)","decl":{"start":{"line":24,"column":6},"end":{"line":24,"column":7}},"loc":{"start":{"line":25,"column":8},"end":{"line":26,"column":70}},"line":25},"2":{"name":"(anonymous_2)","decl":{"start":{"line":36,"column":22},"end":{"line":36,"column":23}},"loc":{"start":{"line":37,"column":8},"end":{"line":42,"column":10}},"line":37},"3":{"name":"(anonymous_3)","decl":{"start":{"line":41,"column":24},"end":{"line":41,"column":25}},"loc":{"start":{"line":41,"column":30},"end":{"line":41,"column":49}},"line":41}},"branchMap":{"0":{"loc":{"start":{"line":14,"column":2},"end":{"line":14,"column":43}},"type":"if","locations":[{"start":{"line":14,"column":2},"end":{"line":14,"column":43}},{"start":{},"end":{}}],"line":14},"1":{"loc":{"start":{"line":40,"column":21},"end":{"line":40,"column":55}},"type":"cond-expr","locations":[{"start":{"line":40,"column":43},"end":{"line":40,"column":47}},{"start":{"line":40,"column":50},"end":{"line":40,"column":55}}],"line":40}},"s":{"0":1,"1":6,"2":5,"3":5,"4":5,"5":1,"6":4,"7":0,"8":0,"9":0,"10":0,"11":0,"12":0},"f":{"0":6,"1":0,"2":0,"3":0},"b":{"0":[1,4],"1":[0,0]},"_coverageSchema":"1a1c01bbd47fc00a2c39e90264f33305004495a9","hash":"cb811ce9cf731e33554748e98bd9af3226f23fa8"}
,"D:\\React_Projects\\HungryBuzz\\src\\Components\\Shimmer.js": {"path":"D:\\React_Projects\\HungryBuzz\\src\\Components\\Shimmer.js","statementMap":{"0":{"start":{"line":1,"column":16},"end":{"line":21,"column":1}},"1":{"start":{"line":2,"column":2},"end":{"line":20,"column":4}}},"fnMap":{"0":{"name":"(anonymous_0)","decl":{"start":{"line":1,"column":16},"end":{"line":1,"column":17}},"loc":{"start":{"line":1,"column":22},"end":{"line":21,"column":1}},"line":1}},"branchMap":{},"s":{"0":2,"1":4},"f":{"0":4},"b":{},"_coverageSchema":"1a1c01bbd47fc00a2c39e90264f33305004495a9","hash":"fc42bfd1dd9e9dfe9627940c984b8081c5ca95e0"}
,"D:\\React_Projects\\HungryBuzz\\src\\Components\\Sum.js": {"path":"D:\\React_Projects\\HungryBuzz\\src\\Components\\Sum.js","statementMap":{"0":{"start":{"line":1,"column":19},"end":{"line":3,"column":1}},"1":{"start":{"line":2,"column":2},"end":{"line":2,"column":15}}},"fnMap":{"0":{"name":"(anonymous_0)","decl":{"start":{"line":1,"column":19},"end":{"line":1,"column":20}},"loc":{"start":{"line":1,"column":29},"end":{"line":3,"column":1}},"line":1}},"branchMap":{},"s":{"0":1,"1":1},"f":{"0":1},"b":{},"_coverageSchema":"1a1c01bbd47fc00a2c39e90264f33305004495a9","hash":"f844ae8fd551799f98295a87ef41cd2564b170c1"}
,"D:\\React_Projects\\HungryBuzz\\src\\Utils\\UserContext.js": {"path":"D:\\React_Projects\\HungryBuzz\\src\\Utils\\UserContext.js","statementMap":{"0":{"start":{"line":3,"column":20},"end":{"line":5,"column":2}}},"fnMap":{},"branchMap":{},"s":{"0":3},"f":{},"b":{},"_coverageSchema":"1a1c01bbd47fc00a2c39e90264f33305004495a9","hash":"ad8e3388aadeb3b2f791306c18db92532562bd11"}
,"D:\\React_Projects\\HungryBuzz\\src\\Utils\\appStore.js": {"path":"D:\\React_Projects\\HungryBuzz\\src\\Utils\\appStore.js","statementMap":{"0":{"start":{"line":4,"column":17},"end":{"line":8,"column":2}}},"fnMap":{},"branchMap":{},"s":{"0":2},"f":{},"b":{},"_coverageSchema":"1a1c01bbd47fc00a2c39e90264f33305004495a9","hash":"ccfa55b8212c4356f59fc4213c09bb94d46785c9"}
,"D:\\React_Projects\\HungryBuzz\\src\\Utils\\cartSlice.js": {"path":"D:\\React_Projects\\HungryBuzz\\src\\Utils\\cartSlice.js","statementMap":{"0":{"start":{"line":3,"column":18},"end":{"line":22,"column":2}},"1":{"start":{"line":10,"column":6},"end":{"line":10,"column":39}},"2":{"start":{"line":13,"column":6},"end":{"line":13,"column":24}},"3":{"start":{"line":19,"column":6},"end":{"line":19,"column":25}},"4":{"start":{"line":24,"column":50},"end":{"line":24,"column":67}}},"fnMap":{"0":{"name":"(anonymous_0)","decl":{"start":{"line":9,"column":13},"end":{"line":9,"column":14}},"loc":{"start":{"line":9,"column":32},"end":{"line":11,"column":5}},"line":9},"1":{"name":"(anonymous_1)","decl":{"start":{"line":12,"column":16},"end":{"line":12,"column":17}},"loc":{"start":{"line":12,"column":35},"end":{"line":14,"column":5}},"line":12},"2":{"name":"(anonymous_2)","decl":{"start":{"line":15,"column":15},"end":{"line":15,"column":16}},"loc":{"start":{"line":15,"column":34},"end":{"line":20,"column":5}},"line":15}},"branchMap":{},"s":{"0":2,"1":0,"2":0,"3":0,"4":2},"f":{"0":0,"1":0,"2":0},"b":{},"_coverageSchema":"1a1c01bbd47fc00a2c39e90264f33305004495a9","hash":"4e61b3df0a3eef8f6e19a2b707b2f1b935bc1407"}
,"D:\\React_Projects\\HungryBuzz\\src\\Utils\\constants.js": {"path":"D:\\React_Projects\\HungryBuzz\\src\\Utils\\constants.js","statementMap":{"0":{"start":{"line":2,"column":2},"end":{"line":2,"column":85}},"1":{"start":{"line":5,"column":2},"end":{"line":5,"column":93}},"2":{"start":{"line":8,"column":2},"end":{"line":8,"column":125}}},"fnMap":{},"branchMap":{},"s":{"0":4,"1":4,"2":4},"f":{},"b":{},"_coverageSchema":"1a1c01bbd47fc00a2c39e90264f33305004495a9","hash":"e8e52ca0a01ea66310097d57288d7cc1bc91a2b7"}
,"D:\\React_Projects\\HungryBuzz\\src\\Utils\\useOnlineStatus.js": {"path":"D:\\React_Projects\\HungryBuzz\\src\\Utils\\useOnlineStatus.js","statementMap":{"0":{"start":{"line":3,"column":24},"end":{"line":18,"column":1}},"1":{"start":{"line":4,"column":42},"end":{"line":4,"column":56}},"2":{"start":{"line":6,"column":2},"end":{"line":14,"column":9}},"3":{"start":{"line":7,"column":4},"end":{"line":9,"column":7}},"4":{"start":{"line":8,"column":6},"end":{"line":8,"column":29}},"5":{"start":{"line":11,"column":4},"end":{"line":13,"column":7}},"6":{"start":{"line":12,"column":6},"end":{"line":12,"column":28}},"7":{"start":{"line":17,"column":2},"end":{"line":17,"column":22}}},"fnMap":{"0":{"name":"(anonymous_0)","decl":{"start":{"line":3,"column":24},"end":{"line":3,"column":25}},"loc":{"start":{"line":3,"column":30},"end":{"line":18,"column":1}},"line":3},"1":{"name":"(anonymous_1)","decl":{"start":{"line":6,"column":12},"end":{"line":6,"column":13}},"loc":{"start":{"line":6,"column":18},"end":{"line":14,"column":3}},"line":6},"2":{"name":"(anonymous_2)","decl":{"start":{"line":7,"column":39},"end":{"line":7,"column":40}},"loc":{"start":{"line":7,"column":45},"end":{"line":9,"column":5}},"line":7},"3":{"name":"(anonymous_3)","decl":{"start":{"line":11,"column":38},"end":{"line":11,"column":39}},"loc":{"start":{"line":11,"column":44},"end":{"line":13,"column":5}},"line":11}},"branchMap":{},"s":{"0":2,"1":20,"2":20,"3":7,"4":0,"5":7,"6":0,"7":20},"f":{"0":20,"1":7,"2":0,"3":0},"b":{},"_coverageSchema":"1a1c01bbd47fc00a2c39e90264f33305004495a9","hash":"6ba5f03571fb6aeb6b212ab6a67f9dd5d85b93b0"}
,"D:\\React_Projects\\HungryBuzz\\src\\Utils\\useRestaurantMenu.js": {"path":"D:\\React_Projects\\HungryBuzz\\src\\Utils\\useRestaurantMenu.js","statementMap":{"0":{"start":{"line":4,"column":26},"end":{"line":22,"column":1}},"1":{"start":{"line":5,"column":32},"end":{"line":5,"column":46}},"2":{"start":{"line":7,"column":2},"end":{"line":9,"column":9}},"3":{"start":{"line":8,"column":4},"end":{"line":8,"column":16}},"4":{"start":{"line":11,"column":20},"end":{"line":19,"column":3}},"5":{"start":{"line":12,"column":17},"end":{"line":16,"column":5}},"6":{"start":{"line":17,"column":17},"end":{"line":17,"column":34}},"7":{"start":{"line":18,"column":4},"end":{"line":18,"column":27}},"8":{"start":{"line":21,"column":2},"end":{"line":21,"column":17}}},"fnMap":{"0":{"name":"(anonymous_0)","decl":{"start":{"line":4,"column":26},"end":{"line":4,"column":27}},"loc":{"start":{"line":4,"column":37},"end":{"line":22,"column":1}},"line":4},"1":{"name":"(anonymous_1)","decl":{"start":{"line":7,"column":12},"end":{"line":7,"column":13}},"loc":{"start":{"line":7,"column":18},"end":{"line":9,"column":3}},"line":7},"2":{"name":"(anonymous_2)","decl":{"start":{"line":11,"column":20},"end":{"line":11,"column":21}},"loc":{"start":{"line":11,"column":32},"end":{"line":19,"column":3}},"line":11}},"branchMap":{},"s":{"0":1,"1":5,"2":5,"3":1,"4":5,"5":1,"6":1,"7":1,"8":5},"f":{"0":5,"1":1,"2":1},"b":{},"_coverageSchema":"1a1c01bbd47fc00a2c39e90264f33305004495a9","hash":"ae281d1b8e8051a0d3dd08b3dabb5df037f60929"}
}
