TN:
SF:src\Components\Body.js
FN:8,(anonymous_0)
FN:20,(anonymous_1)
FN:24,(anonymous_2)
FN:61,(anonymous_3)
FN:63,(anonymous_4)
FN:76,(anonymous_5)
FN:86,(anonymous_6)
FN:93,(anonymous_7)
FN:94,(anonymous_8)
FN:106,(anonymous_9)
FNF:10
FNH:3
FNDA:16,(anonymous_0)
FNDA:3,(anonymous_1)
FNDA:3,(anonymous_2)
FNDA:0,(anonymous_3)
FNDA:0,(anonymous_4)
FNDA:0,(anonymous_5)
FNDA:0,(anonymous_6)
FNDA:0,(anonymous_7)
FNDA:0,(anonymous_8)
FNDA:0,(anonymous_9)
DA:8,1
DA:9,16
DA:10,15
DA:11,15
DA:13,15
DA:14,15
DA:20,15
DA:21,3
DA:24,15
DA:25,3
DA:28,3
DA:29,3
DA:32,3
DA:37,15
DA:39,15
DA:40,0
DA:52,15
DA:54,15
DA:62,0
DA:63,0
DA:65,0
DA:76,0
DA:87,0
DA:94,0
DA:95,0
DA:98,0
DA:107,0
LF:27
LH:17
BRDA:39,0,0,0
BRDA:39,0,1,15
BRDA:54,1,0,3
BRDA:54,1,1,0
BRDA:111,2,0,0
BRDA:111,2,1,0
BRF:6
BRH:2
end_of_record
TN:
SF:src\Components\Contact.js
FN:1,(anonymous_0)
FNF:1
FNH:1
FNDA:5,(anonymous_0)
DA:1,1
DA:2,5
LF:2
LH:2
BRF:0
BRH:0
end_of_record
TN:
SF:src\Components\Grocery.js
FN:1,(anonymous_0)
FNF:1
FNH:0
FNDA:0,(anonymous_0)
DA:1,1
DA:2,0
LF:2
LH:1
BRF:0
BRH:0
end_of_record
TN:
SF:src\Components\Header.js
FN:9,(anonymous_0)
FN:15,(anonymous_1)
FN:44,(anonymous_2)
FNF:3
FNH:3
FNDA:6,(anonymous_0)
FNDA:9,(anonymous_1)
FNDA:1,(anonymous_2)
DA:9,1
DA:10,6
DA:11,5
DA:12,5
DA:15,9
DA:17,5
DA:45,1
LF:7
LH:7
BRDA:24,0,0,5
BRDA:24,0,1,0
BRDA:45,1,0,1
BRDA:45,1,1,0
BRF:4
BRH:2
end_of_record
TN:
SF:src\Components\ItemList.js
FN:5,(anonymous_0)
FN:9,(anonymous_1)
FN:17,(anonymous_2)
FN:40,(anonymous_3)
FNF:4
FNH:0
FNDA:0,(anonymous_0)
FNDA:0,(anonymous_1)
FNDA:0,(anonymous_2)
FNDA:0,(anonymous_3)
DA:5,1
DA:7,0
DA:9,0
DA:11,0
DA:12,0
DA:15,0
DA:18,0
DA:40,0
LF:8
LH:1
BRDA:29,0,0,0
BRDA:29,0,1,0
BRF:2
BRH:0
end_of_record
TN:
SF:src\Components\RestaurantCard.js
FN:5,(anonymous_0)
FN:36,(anonymous_1)
FN:37,(anonymous_2)
FNF:3
FNH:2
FNDA:1,(anonymous_0)
FNDA:15,(anonymous_1)
FNDA:0,(anonymous_2)
DA:5,2
DA:6,1
DA:7,1
DA:10,1
DA:12,1
DA:36,2
DA:37,15
DA:38,0
LF:8
LH:7
BRDA:22,0,0,1
BRDA:22,0,1,1
BRF:2
BRH:2
end_of_record
TN:
SF:src\Components\RestaurantCategory.js
FN:4,(anonymous_0)
FN:6,(anonymous_1)
FNF:2
FNH:0
FNDA:0,(anonymous_0)
FNDA:0,(anonymous_1)
DA:4,1
DA:6,0
DA:7,0
DA:10,0
LF:4
LH:1
BRDA:25,0,0,0
BRDA:25,0,1,0
BRF:2
BRH:0
end_of_record
TN:
SF:src\Components\RestaurantMenu.js
FN:7,(anonymous_0)
FN:24,(anonymous_1)
FN:36,(anonymous_2)
FN:41,(anonymous_3)
FNF:4
FNH:1
FNDA:6,(anonymous_0)
FNDA:0,(anonymous_1)
FNDA:0,(anonymous_2)
FNDA:0,(anonymous_3)
DA:7,1
DA:8,6
DA:10,5
DA:12,5
DA:14,5
DA:17,4
DA:20,0
DA:23,0
DA:25,0
DA:29,0
DA:37,0
DA:41,0
LF:12
LH:6
BRDA:14,0,0,1
BRDA:14,0,1,4
BRDA:40,1,0,0
BRDA:40,1,1,0
BRF:4
BRH:2
end_of_record
TN:
SF:src\Components\Shimmer.js
FN:1,(anonymous_0)
FNF:1
FNH:1
FNDA:4,(anonymous_0)
DA:1,2
DA:2,4
LF:2
LH:2
BRF:0
BRH:0
end_of_record
TN:
SF:src\Components\Sum.js
FN:1,(anonymous_0)
FNF:1
FNH:1
FNDA:1,(anonymous_0)
DA:1,1
DA:2,1
LF:2
LH:2
BRF:0
BRH:0
end_of_record
TN:
SF:src\Utils\UserContext.js
FNF:0
FNH:0
DA:3,3
LF:1
LH:1
BRF:0
BRH:0
end_of_record
TN:
SF:src\Utils\appStore.js
FNF:0
FNH:0
DA:4,2
LF:1
LH:1
BRF:0
BRH:0
end_of_record
TN:
SF:src\Utils\cartSlice.js
FN:9,(anonymous_0)
FN:12,(anonymous_1)
FN:15,(anonymous_2)
FNF:3
FNH:0
FNDA:0,(anonymous_0)
FNDA:0,(anonymous_1)
FNDA:0,(anonymous_2)
DA:3,2
DA:10,0
DA:13,0
DA:19,0
DA:24,2
LF:5
LH:2
BRF:0
BRH:0
end_of_record
TN:
SF:src\Utils\constants.js
FNF:0
FNH:0
DA:2,4
DA:5,4
DA:8,4
LF:3
LH:3
BRF:0
BRH:0
end_of_record
TN:
SF:src\Utils\useOnlineStatus.js
FN:3,(anonymous_0)
FN:6,(anonymous_1)
FN:7,(anonymous_2)
FN:11,(anonymous_3)
FNF:4
FNH:2
FNDA:20,(anonymous_0)
FNDA:7,(anonymous_1)
FNDA:0,(anonymous_2)
FNDA:0,(anonymous_3)
DA:3,2
DA:4,20
DA:6,20
DA:7,7
DA:8,0
DA:11,7
DA:12,0
DA:17,20
LF:8
LH:6
BRF:0
BRH:0
end_of_record
TN:
SF:src\Utils\useRestaurantMenu.js
FN:4,(anonymous_0)
FN:7,(anonymous_1)
FN:11,(anonymous_2)
FNF:3
FNH:3
FNDA:5,(anonymous_0)
FNDA:1,(anonymous_1)
FNDA:1,(anonymous_2)
DA:4,1
DA:5,5
DA:7,5
DA:8,1
DA:11,5
DA:12,1
DA:17,1
DA:18,1
DA:21,5
LF:9
LH:9
BRF:0
BRH:0
end_of_record
