TN:
SF:src\Components\Body.js
FN:8,(anonymous_0)
FN:20,(anonymous_1)
FN:24,(anonymous_2)
FN:61,(anonymous_3)
FN:63,(anonymous_4)
FN:76,(anonymous_5)
FN:86,(anonymous_6)
FN:93,(anonymous_7)
FN:94,(anonymous_8)
FN:106,(anonymous_9)
FNF:10
FNH:7
FNDA:8,(anonymous_0)
FNDA:3,(anonymous_1)
FNDA:3,(anonymous_2)
FNDA:0,(anonymous_3)
FNDA:0,(anonymous_4)
FNDA:0,(anonymous_5)
FNDA:1,(anonymous_6)
FNDA:1,(anonymous_7)
FNDA:9,(anonymous_8)
FNDA:37,(anonymous_9)
DA:8,1
DA:9,8
DA:10,8
DA:11,8
DA:13,8
DA:14,8
DA:20,8
DA:21,3
DA:24,8
DA:25,3
DA:28,3
DA:29,3
DA:32,3
DA:37,8
DA:39,8
DA:40,0
DA:52,8
DA:54,8
DA:62,0
DA:63,0
DA:65,0
DA:76,0
DA:87,1
DA:94,1
DA:95,9
DA:98,1
DA:107,37
LF:27
LH:22
BRDA:39,0,0,0
BRDA:39,0,1,8
BRDA:54,1,0,3
BRDA:54,1,1,5
BRDA:111,2,0,0
BRDA:111,2,1,37
BRF:6
BRH:4
end_of_record
